<?xml version="1.0" encoding="UTF-8" standalone="no"?>
<testsuite errors="0" failures="1" name="io.cucumber.core.plugin.JUnitFormatter" skipped="0" tests="1" time="77.488">
<testcase classname="select source and destination in makemytrip" name="select source and destination in makemytrip" time="77.228">
<failure message="expected:&lt;[]Delhi&gt; but was:&lt;[New ]Delhi&gt;" type="org.junit.ComparisonFailure"><![CDATA[Given user is already on makemytrip page....................................passed
When user select source and destination.....................................passed
Then display source and destination on screen...............................failed

StackTrace:
org.junit.ComparisonFailure: expected:<[]Delhi> but was:<[New ]Delhi>
	at org.junit.Assert.assertEquals(Assert.java:117)
	at org.junit.Assert.assertEquals(Assert.java:146)
	at stepdef.SourceAndDestinationTestScript.display_source_and_destination_on_screen(SourceAndDestinationTestScript.java:55)
	at ✽.display source and destination on screen(file:///C:/Users/lenovo/Desktop/clonecucumberproject/cucumberBDD/Features/sourceanddestination.feature:6)
]]></failure>
</testcase>
</testsuite>
